<?xml version="1.0" encoding="UTF-8"?>
<!-- Generated by org.testng.reporters.JUnitXMLReporter -->
<testsuite hostname="elizabeths-mbp.lan" ignored="0" name="Command line test" tests="12" failures="0" timestamp="12 Dec 2019 18:10:46 GMT" time="61.627" errors="0">
  <testcase name="verifyCommentInputTest" time="9.342" classname="com.yourcompany.Tests.TextInputTest"/>
  <testcase name="verifyLinkTest" time="9.526" classname="com.yourcompany.Tests.FollowLinkTest"/>
  <testcase name="verifyCommentInputTest" time="12.297" classname="com.yourcompany.Tests.TextInputTest"/>
  <testcase name="verifyLinkTest" time="15.026" classname="com.yourcompany.Tests.FollowLinkTest"/>
  <testcase name="verifyCommentInputTest" time="21.429" classname="com.yourcompany.Tests.TextInputTest"/>
  <testcase name="verifyLinkTest" time="25.594" classname="com.yourcompany.Tests.FollowLinkTest"/>
  <testcase name="verifyLinkTest" time="29.581" classname="com.yourcompany.Tests.FollowLinkTest"/>
  <testcase name="verifyCommentInputTest" time="30.543" classname="com.yourcompany.Tests.TextInputTest"/>
  <testcase name="verifyLinkTest" time="40.55" classname="com.yourcompany.Tests.FollowLinkTest"/>
  <testcase name="verifyCommentInputTest" time="45.074" classname="com.yourcompany.Tests.TextInputTest"/>
  <testcase name="verifyLinkTest" time="58.392" classname="com.yourcompany.Tests.FollowLinkTest"/>
  <testcase name="verifyCommentInputTest" time="61.315" classname="com.yourcompany.Tests.TextInputTest"/>
</testsuite> <!-- Command line test -->
